<?xml version="1.0" encoding="UTF-8"?>
<testng-results skipped="0" failed="0" ignored="0" total="1" passed="1">
  <reporter-output>
  </reporter-output>
  <suite name="Default suite" duration-ms="59" started-at="2019-06-21T18:44:29Z" finished-at="2019-06-21T18:44:29Z">
    <groups>
    </groups>
    <test name="Default test" duration-ms="59" started-at="2019-06-21T18:44:29Z" finished-at="2019-06-21T18:44:29Z">
      <class name="com.ip.test.TestRenoveDuplicate">
        <test-method status="PASS" signature="test()[pri:0, instance:com.ip.test.TestRenoveDuplicate@6cc4c815]" name="test" duration-ms="19" started-at="2019-06-21T18:44:29Z" finished-at="2019-06-21T18:44:29Z">
          <reporter-output>
          </reporter-output>
        </test-method> <!-- test -->
      </class> <!-- com.ip.test.TestRenoveDuplicate -->
    </test> <!-- Default test -->
  </suite> <!-- Default suite -->
</testng-results>
