<?xml version="1.0" encoding="UTF-8"?>
<!-- Generated by org.testng.reporters.JUnitXMLReporter -->
<testsuite hostname="DESKTOP-KFO17RS" ignored="0" name="Default test" tests="4" failures="0" timestamp="10 Jun 2019 07:19:55 GMT" time="0.088" errors="0">
  <testcase name="test1" time="0.017" classname="com.wbl.test.DuplicatearrayTestcase$TestCaseRemoveDuplicates"/>
  <testcase name="test2" time="0.005" classname="com.wbl.test.DuplicatearrayTestcase$TestCaseRemoveDuplicates"/>
  <testcase name="test3" time="0.002" classname="com.wbl.test.DuplicatearrayTestcase$TestCaseRemoveDuplicates"/>
  <testcase name="test4" time="0.004" classname="com.wbl.test.DuplicatearrayTestcase$TestCaseRemoveDuplicates"/>
</testsuite> <!-- Default test -->
