<?xml version="1.0" encoding="UTF-8"?>
<testng-results skipped="0" failed="0" ignored="0" total="1" passed="1">
  <reporter-output>
  </reporter-output>
  <suite name="Default suite" duration-ms="57" started-at="2019-06-13T21:10:59Z" finished-at="2019-06-13T21:10:59Z">
    <groups>
    </groups>
    <test name="Default test" duration-ms="57" started-at="2019-06-13T21:10:59Z" finished-at="2019-06-13T21:10:59Z">
      <class name="com.ip.test.TestRepeat">
        <test-method status="PASS" signature="test3()[pri:0, instance:com.ip.test.TestRepeat@6cc4c815]" name="test3" duration-ms="17" started-at="2019-06-13T21:10:59Z" finished-at="2019-06-13T21:10:59Z">
          <reporter-output>
          </reporter-output>
        </test-method> <!-- test3 -->
      </class> <!-- com.ip.test.TestRepeat -->
    </test> <!-- Default test -->
  </suite> <!-- Default suite -->
</testng-results>
