<?xml version="1.0" encoding="UTF-8"?>
<testng-results skipped="0" failed="0" ignored="0" total="2" passed="2">
  <reporter-output>
  </reporter-output>
  <suite name="Default suite" duration-ms="63" started-at="2019-06-20T00:01:44Z" finished-at="2019-06-20T00:01:44Z">
    <groups>
    </groups>
    <test name="Default test" duration-ms="63" started-at="2019-06-20T00:01:44Z" finished-at="2019-06-20T00:01:44Z">
      <class name="com.ip.test.ReplaceTestCase">
        <test-method status="PASS" signature="test1()[pri:0, instance:com.ip.test.ReplaceTestCase@6cc4c815]" name="test1" duration-ms="21" started-at="2019-06-20T00:01:44Z" finished-at="2019-06-20T00:01:44Z">
          <reporter-output>
          </reporter-output>
        </test-method> <!-- test1 -->
        <test-method status="PASS" signature="test2()[pri:0, instance:com.ip.test.ReplaceTestCase@6cc4c815]" name="test2" duration-ms="3" started-at="2019-06-20T00:01:44Z" finished-at="2019-06-20T00:01:44Z">
          <reporter-output>
          </reporter-output>
        </test-method> <!-- test2 -->
      </class> <!-- com.ip.test.ReplaceTestCase -->
    </test> <!-- Default test -->
  </suite> <!-- Default suite -->
</testng-results>
