<?xml version="1.0" encoding="UTF-8"?>
<testng-results skipped="0" failed="0" ignored="0" total="1" passed="1">
  <reporter-output>
  </reporter-output>
  <suite name="Default suite" duration-ms="64" started-at="2019-06-24T19:59:44Z" finished-at="2019-06-24T19:59:44Z">
    <groups>
    </groups>
    <test name="Default test" duration-ms="64" started-at="2019-06-24T19:59:44Z" finished-at="2019-06-24T19:59:44Z">
      <class name="com.ip.logic.TestNonRepeat">
        <test-method status="PASS" signature="test1()[pri:0, instance:com.ip.logic.TestNonRepeat@6cc4c815]" name="test1" duration-ms="23" started-at="2019-06-24T19:59:44Z" finished-at="2019-06-24T19:59:44Z">
          <reporter-output>
          </reporter-output>
        </test-method> <!-- test1 -->
      </class> <!-- com.ip.logic.TestNonRepeat -->
    </test> <!-- Default test -->
  </suite> <!-- Default suite -->
</testng-results>
